# JRE version: OpenJDK Runtime Environment (8.0_242-b01) (build 1.8.0_242-release-1644-b01)
# Java VM: OpenJDK 64-Bit Server VM (25.242-b01 mixed mode windows-amd64 compressed oops)
Heap:
 PSYoungGen      total 141824K, used 48050K [0x000000076b300000, 0x0000000778280000, 0x00000007c0000000)
  eden space 131072K, 36% used [0x000000076b300000,0x000000076e1ecaf8,0x0000000773300000)
  from space 10752K, 0% used [0x0000000773300000,0x0000000773300000,0x0000000773d80000)
  to   space 10752K, 0% used [0x0000000777800000,0x0000000777800000,0x0000000778280000)
 ParOldGen       total 204288K, used 27532K [0x00000006c1800000, 0x00000006cdf80000, 0x000000076b300000)
  object space 204288K, 13% used [0x00000006c1800000,0x00000006c32e3340,0x00000006cdf80000)
 Metaspace       used 40285K, capacity 40904K, committed 41304K, reserved 1085440K
  class space    used 5045K, capacity 5198K, committed 5248K, reserved 1048576K
GC Heap History (10 events):
Event: 1.344 GC heap before
{Heap before GC invocations=1 (full 0):
 PSYoungGen      total 76288K, used 65536K [0x000000076b300000, 0x0000000770800000, 0x00000007c0000000)
  eden space 65536K, 100% used [0x000000076b300000,0x000000076f300000,0x000000076f300000)
  from space 10752K, 0% used [0x000000076fd80000,0x000000076fd80000,0x0000000770800000)
  to   space 10752K, 0% used [0x000000076f300000,0x000000076f300000,0x000000076fd80000)
 ParOldGen       total 175104K, used 0K [0x00000006c1800000, 0x00000006cc300000, 0x000000076b300000)
  object space 175104K, 0% used [0x00000006c1800000,0x00000006c1800000,0x00000006cc300000)
 Metaspace       used 15667K, capacity 15998K, committed 16256K, reserved 1062912K
  class space    used 1788K, capacity 1913K, committed 1920K, reserved 1048576K
Event: 1.359 GC heap after
Heap after GC invocations=1 (full 0):
 PSYoungGen      total 76288K, used 10748K [0x000000076b300000, 0x0000000774800000, 0x00000007c0000000)
  eden space 65536K, 0% used [0x000000076b300000,0x000000076b300000,0x000000076f300000)
  from space 10752K, 99% used [0x000000076f300000,0x000000076fd7f0a0,0x000000076fd80000)
  to   space 10752K, 0% used [0x0000000773d80000,0x0000000773d80000,0x0000000774800000)
 ParOldGen       total 175104K, used 4452K [0x00000006c1800000, 0x00000006cc300000, 0x000000076b300000)
  object space 175104K, 2% used [0x00000006c1800000,0x00000006c1c59160,0x00000006cc300000)
 Metaspace       used 15667K, capacity 15998K, committed 16256K, reserved 1062912K
  class space    used 1788K, capacity 1913K, committed 1920K, reserved 1048576K
}
Event: 1.686 GC heap before
{Heap before GC invocations=2 (full 0):
 PSYoungGen      total 76288K, used 32221K [0x000000076b300000, 0x0000000774800000, 0x00000007c0000000)
  eden space 65536K, 32% used [0x000000076b300000,0x000000076c7f8488,0x000000076f300000)
  from space 10752K, 99% used [0x000000076f300000,0x000000076fd7f0a0,0x000000076fd80000)
  to   space 10752K, 0% used [0x0000000773d80000,0x0000000773d80000,0x0000000774800000)
 ParOldGen       total 175104K, used 4452K [0x00000006c1800000, 0x00000006cc300000, 0x000000076b300000)
  object space 175104K, 2% used [0x00000006c1800000,0x00000006c1c59160,0x00000006cc300000)
 Metaspace       used 20825K, capacity 21204K, committed 21248K, reserved 1069056K
  class space    used 2424K, capacity 2558K, committed 2560K, reserved 1048576K
Event: 1.695 GC heap after
Heap after GC invocations=2 (full 0):
 PSYoungGen      total 141824K, used 9686K [0x000000076b300000, 0x0000000774800000, 0x00000007c0000000)
  eden space 131072K, 0% used [0x000000076b300000,0x000000076b300000,0x0000000773300000)
  from space 10752K, 90% used [0x0000000773d80000,0x00000007746f5a40,0x0000000774800000)
  to   space 10752K, 0% used [0x0000000773300000,0x0000000773300000,0x0000000773d80000)
 ParOldGen       total 175104K, used 4524K [0x00000006c1800000, 0x00000006cc300000, 0x000000076b300000)
  object space 175104K, 2% used [0x00000006c1800000,0x00000006c1c6b170,0x00000006cc300000)
 Metaspace       used 20825K, capacity 21204K, committed 21248K, reserved 1069056K
  class space    used 2424K, capacity 2558K, committed 2560K, reserved 1048576K
}
Event: 1.695 GC heap before
{Heap before GC invocations=3 (full 1):
 PSYoungGen      total 141824K, used 9686K [0x000000076b300000, 0x0000000774800000, 0x00000007c0000000)
  eden space 131072K, 0% used [0x000000076b300000,0x000000076b300000,0x0000000773300000)
  from space 10752K, 90% used [0x0000000773d80000,0x00000007746f5a40,0x0000000774800000)
  to   space 10752K, 0% used [0x0000000773300000,0x0000000773300000,0x0000000773d80000)
 ParOldGen       total 175104K, used 4524K [0x00000006c1800000, 0x00000006cc300000, 0x000000076b300000)
  object space 175104K, 2% used [0x00000006c1800000,0x00000006c1c6b170,0x00000006cc300000)
 Metaspace       used 20825K, capacity 21204K, committed 21248K, reserved 1069056K
  class space    used 2424K, capacity 2558K, committed 2560K, reserved 1048576K
Event: 1.730 GC heap after
Heap after GC invocations=3 (full 1):
 PSYoungGen      total 141824K, used 0K [0x000000076b300000, 0x0000000774800000, 0x00000007c0000000)
  eden space 131072K, 0% used [0x000000076b300000,0x000000076b300000,0x0000000773300000)
  from space 10752K, 0% used [0x0000000773d80000,0x0000000773d80000,0x0000000774800000)
  to   space 10752K, 0% used [0x0000000773300000,0x0000000773300000,0x0000000773d80000)
 ParOldGen       total 115712K, used 9447K [0x00000006c1800000, 0x00000006c8900000, 0x000000076b300000)
  object space 115712K, 8% used [0x00000006c1800000,0x00000006c2139f20,0x00000006c8900000)
 Metaspace       used 20825K, capacity 21204K, committed 21248K, reserved 1069056K
  class space    used 2424K, capacity 2558K, committed 2560K, reserved 1048576K
}
Event: 3.060 GC heap before
{Heap before GC invocations=4 (full 1):
 PSYoungGen      total 141824K, used 95036K [0x000000076b300000, 0x0000000774800000, 0x00000007c0000000)
  eden space 131072K, 72% used [0x000000076b300000,0x0000000770fcf3f8,0x0000000773300000)
  from space 10752K, 0% used [0x0000000773d80000,0x0000000773d80000,0x0000000774800000)
  to   space 10752K, 0% used [0x0000000773300000,0x0000000773300000,0x0000000773d80000)
 ParOldGen       total 115712K, used 9447K [0x00000006c1800000, 0x00000006c8900000, 0x000000076b300000)
  object space 115712K, 8% used [0x00000006c1800000,0x00000006c2139f20,0x00000006c8900000)
 Metaspace       used 34538K, capacity 35026K, committed 35416K, reserved 1081344K
  class space    used 4340K, capacity 4479K, committed 4480K, reserved 1048576K
Event: 3.079 GC heap after
Heap after GC invocations=4 (full 1):
 PSYoungGen      total 141824K, used 10733K [0x000000076b300000, 0x0000000778280000, 0x00000007c0000000)
  eden space 131072K, 0% used [0x000000076b300000,0x000000076b300000,0x0000000773300000)
  from space 10752K, 99% used [0x0000000773300000,0x0000000773d7b498,0x0000000773d80000)
  to   space 10752K, 0% used [0x0000000777800000,0x0000000777800000,0x0000000778280000)
 ParOldGen       total 115712K, used 21131K [0x00000006c1800000, 0x00000006c8900000, 0x000000076b300000)
  object space 115712K, 18% used [0x00000006c1800000,0x00000006c2ca2d40,0x00000006c8900000)
 Metaspace       used 34538K, capacity 35026K, committed 35416K, reserved 1081344K
  class space    used 4340K, capacity 4479K, committed 4480K, reserved 1048576K
}
Event: 3.079 GC heap before
{Heap before GC invocations=5 (full 2):
 PSYoungGen      total 141824K, used 10733K [0x000000076b300000, 0x0000000778280000, 0x00000007c0000000)
  eden space 131072K, 0% used [0x000000076b300000,0x000000076b300000,0x0000000773300000)
  from space 10752K, 99% used [0x0000000773300000,0x0000000773d7b498,0x0000000773d80000)
  to   space 10752K, 0% used [0x0000000777800000,0x0000000777800000,0x0000000778280000)
 ParOldGen       total 115712K, used 21131K [0x00000006c1800000, 0x00000006c8900000, 0x000000076b300000)
  object space 115712K, 18% used [0x00000006c1800000,0x00000006c2ca2d40,0x00000006c8900000)
 Metaspace       used 34538K, capacity 35026K, committed 35416K, reserved 1081344K
  class space    used 4340K, capacity 4479K, committed 4480K, reserved 1048576K
Event: 3.129 GC heap after
Heap after GC invocations=5 (full 2):
 PSYoungGen      total 141824K, used 0K [0x000000076b300000, 0x0000000778280000, 0x00000007c0000000)
  eden space 131072K, 0% used [0x000000076b300000,0x000000076b300000,0x0000000773300000)
  from space 10752K, 0% used [0x0000000773300000,0x0000000773300000,0x0000000773d80000)
  to   space 10752K, 0% used [0x0000000777800000,0x0000000777800000,0x0000000778280000)
 ParOldGen       total 204288K, used 27532K [0x00000006c1800000, 0x00000006cdf80000, 0x000000076b300000)
  object space 204288K, 13% used [0x00000006c1800000,0x00000006c32e3340,0x00000006cdf80000)
 Metaspace       used 34538K, capacity 35026K, committed 35416K, reserved 1081344K
  class space    used 4340K, capacity 4479K, committed 4480K, reserved 1048576K
}

