# JRE version: OpenJDK Runtime Environment (8.0_242-b01) (build 1.8.0_242-release-1644-b01)
# Java VM: OpenJDK 64-Bit Server VM (25.242-b01 mixed mode windows-amd64 compressed oops)
Heap:
 PSYoungGen      total 187392K, used 94825K [0x000000076b300000, 0x0000000778680000, 0x00000007c0000000)
  eden space 176640K, 47% used [0x000000076b300000,0x000000077051c408,0x0000000775f80000)
  from space 10752K, 99% used [0x0000000777c00000,0x000000077867e360,0x0000000778680000)
  to   space 10752K, 0% used [0x0000000777180000,0x0000000777180000,0x0000000777c00000)
 ParOldGen       total 112128K, used 43869K [0x00000006c1800000, 0x00000006c8580000, 0x000000076b300000)
  object space 112128K, 39% used [0x00000006c1800000,0x00000006c42d7780,0x00000006c8580000)
 Metaspace       used 57218K, capacity 58126K, committed 58712K, reserved 1101824K
  class space    used 6970K, capacity 7255K, committed 7296K, reserved 1048576K
GC Heap History (10 events):
Event: 1.916 GC heap before
{Heap before GC invocations=2 (full 0):
 PSYoungGen      total 76288K, used 32364K [0x000000076b300000, 0x0000000774800000, 0x00000007c0000000)
  eden space 65536K, 33% used [0x000000076b300000,0x000000076c820938,0x000000076f300000)
  from space 10752K, 99% used [0x000000076f300000,0x000000076fd7a740,0x000000076fd80000)
  to   space 10752K, 0% used [0x0000000773d80000,0x0000000773d80000,0x0000000774800000)
 ParOldGen       total 175104K, used 4502K [0x00000006c1800000, 0x00000006cc300000, 0x000000076b300000)
  object space 175104K, 2% used [0x00000006c1800000,0x00000006c1c659e8,0x00000006cc300000)
 Metaspace       used 20764K, capacity 21208K, committed 21248K, reserved 1069056K
  class space    used 2411K, capacity 2558K, committed 2560K, reserved 1048576K
Event: 1.932 GC heap after
Heap after GC invocations=2 (full 0):
 PSYoungGen      total 141824K, used 9658K [0x000000076b300000, 0x0000000774800000, 0x00000007c0000000)
  eden space 131072K, 0% used [0x000000076b300000,0x000000076b300000,0x0000000773300000)
  from space 10752K, 89% used [0x0000000773d80000,0x00000007746ee868,0x0000000774800000)
  to   space 10752K, 0% used [0x0000000773300000,0x0000000773300000,0x0000000773d80000)
 ParOldGen       total 175104K, used 4574K [0x00000006c1800000, 0x00000006cc300000, 0x000000076b300000)
  object space 175104K, 2% used [0x00000006c1800000,0x00000006c1c779f8,0x00000006cc300000)
 Metaspace       used 20764K, capacity 21208K, committed 21248K, reserved 1069056K
  class space    used 2411K, capacity 2558K, committed 2560K, reserved 1048576K
}
Event: 1.932 GC heap before
{Heap before GC invocations=3 (full 1):
 PSYoungGen      total 141824K, used 9658K [0x000000076b300000, 0x0000000774800000, 0x00000007c0000000)
  eden space 131072K, 0% used [0x000000076b300000,0x000000076b300000,0x0000000773300000)
  from space 10752K, 89% used [0x0000000773d80000,0x00000007746ee868,0x0000000774800000)
  to   space 10752K, 0% used [0x0000000773300000,0x0000000773300000,0x0000000773d80000)
 ParOldGen       total 175104K, used 4574K [0x00000006c1800000, 0x00000006cc300000, 0x000000076b300000)
  object space 175104K, 2% used [0x00000006c1800000,0x00000006c1c779f8,0x00000006cc300000)
 Metaspace       used 20764K, capacity 21208K, committed 21248K, reserved 1069056K
  class space    used 2411K, capacity 2558K, committed 2560K, reserved 1048576K
Event: 1.974 GC heap after
Heap after GC invocations=3 (full 1):
 PSYoungGen      total 141824K, used 0K [0x000000076b300000, 0x0000000774800000, 0x00000007c0000000)
  eden space 131072K, 0% used [0x000000076b300000,0x000000076b300000,0x0000000773300000)
  from space 10752K, 0% used [0x0000000773d80000,0x0000000773d80000,0x0000000774800000)
  to   space 10752K, 0% used [0x0000000773300000,0x0000000773300000,0x0000000773d80000)
 ParOldGen       total 112128K, used 9438K [0x00000006c1800000, 0x00000006c8580000, 0x000000076b300000)
  object space 112128K, 8% used [0x00000006c1800000,0x00000006c2137a90,0x00000006c8580000)
 Metaspace       used 20764K, capacity 21208K, committed 21248K, reserved 1069056K
  class space    used 2411K, capacity 2558K, committed 2560K, reserved 1048576K
}
Event: 3.690 GC heap before
{Heap before GC invocations=4 (full 1):
 PSYoungGen      total 141824K, used 93065K [0x000000076b300000, 0x0000000774800000, 0x00000007c0000000)
  eden space 131072K, 71% used [0x000000076b300000,0x0000000770de2560,0x0000000773300000)
  from space 10752K, 0% used [0x0000000773d80000,0x0000000773d80000,0x0000000774800000)
  to   space 10752K, 0% used [0x0000000773300000,0x0000000773300000,0x0000000773d80000)
 ParOldGen       total 112128K, used 9438K [0x00000006c1800000, 0x00000006c8580000, 0x000000076b300000)
  object space 112128K, 8% used [0x00000006c1800000,0x00000006c2137a90,0x00000006c8580000)
 Metaspace       used 34589K, capacity 35090K, committed 35416K, reserved 1081344K
  class space    used 4341K, capacity 4479K, committed 4480K, reserved 1048576K
Event: 3.714 GC heap after
Heap after GC invocations=4 (full 1):
 PSYoungGen      total 141824K, used 10725K [0x000000076b300000, 0x0000000778680000, 0x00000007c0000000)
  eden space 131072K, 0% used [0x000000076b300000,0x000000076b300000,0x0000000773300000)
  from space 10752K, 99% used [0x0000000773300000,0x0000000773d79628,0x0000000773d80000)
  to   space 10752K, 0% used [0x0000000777c00000,0x0000000777c00000,0x0000000778680000)
 ParOldGen       total 112128K, used 21071K [0x00000006c1800000, 0x00000006c8580000, 0x000000076b300000)
  object space 112128K, 18% used [0x00000006c1800000,0x00000006c2c93c20,0x00000006c8580000)
 Metaspace       used 34589K, capacity 35090K, committed 35416K, reserved 1081344K
  class space    used 4341K, capacity 4479K, committed 4480K, reserved 1048576K
}
Event: 3.714 GC heap before
{Heap before GC invocations=5 (full 2):
 PSYoungGen      total 141824K, used 10725K [0x000000076b300000, 0x0000000778680000, 0x00000007c0000000)
  eden space 131072K, 0% used [0x000000076b300000,0x000000076b300000,0x0000000773300000)
  from space 10752K, 99% used [0x0000000773300000,0x0000000773d79628,0x0000000773d80000)
  to   space 10752K, 0% used [0x0000000777c00000,0x0000000777c00000,0x0000000778680000)
 ParOldGen       total 112128K, used 21071K [0x00000006c1800000, 0x00000006c8580000, 0x000000076b300000)
  object space 112128K, 18% used [0x00000006c1800000,0x00000006c2c93c20,0x00000006c8580000)
 Metaspace       used 34589K, capacity 35090K, committed 35416K, reserved 1081344K
  class space    used 4341K, capacity 4479K, committed 4480K, reserved 1048576K
Event: 3.794 GC heap after
Heap after GC invocations=5 (full 2):
 PSYoungGen      total 141824K, used 0K [0x000000076b300000, 0x0000000778680000, 0x00000007c0000000)
  eden space 131072K, 0% used [0x000000076b300000,0x000000076b300000,0x0000000773300000)
  from space 10752K, 0% used [0x0000000773300000,0x0000000773300000,0x0000000773d80000)
  to   space 10752K, 0% used [0x0000000777c00000,0x0000000777c00000,0x0000000778680000)
 ParOldGen       total 112128K, used 27520K [0x00000006c1800000, 0x00000006c8580000, 0x000000076b300000)
  object space 112128K, 24% used [0x00000006c1800000,0x00000006c32e0210,0x00000006c8580000)
 Metaspace       used 34589K, capacity 35090K, committed 35416K, reserved 1081344K
  class space    used 4341K, capacity 4479K, committed 4480K, reserved 1048576K
}
Event: 7.307 GC heap before
{Heap before GC invocations=6 (full 2):
 PSYoungGen      total 141824K, used 131072K [0x000000076b300000, 0x0000000778680000, 0x00000007c0000000)
  eden space 131072K, 100% used [0x000000076b300000,0x0000000773300000,0x0000000773300000)
  from space 10752K, 0% used [0x0000000773300000,0x0000000773300000,0x0000000773d80000)
  to   space 10752K, 0% used [0x0000000777c00000,0x0000000777c00000,0x0000000778680000)
 ParOldGen       total 112128K, used 27520K [0x00000006c1800000, 0x00000006c8580000, 0x000000076b300000)
  object space 112128K, 24% used [0x00000006c1800000,0x00000006c32e0210,0x00000006c8580000)
 Metaspace       used 48158K, capacity 48994K, committed 49496K, reserved 1093632K
  class space    used 6008K, capacity 6229K, committed 6272K, reserved 1048576K
Event: 7.336 GC heap after
Heap after GC invocations=6 (full 2):
 PSYoungGen      total 187392K, used 10744K [0x000000076b300000, 0x0000000778680000, 0x00000007c0000000)
  eden space 176640K, 0% used [0x000000076b300000,0x000000076b300000,0x0000000775f80000)
  from space 10752K, 99% used [0x0000000777c00000,0x000000077867e360,0x0000000778680000)
  to   space 10752K, 0% used [0x0000000777180000,0x0000000777180000,0x0000000777c00000)
 ParOldGen       total 112128K, used 43869K [0x00000006c1800000, 0x00000006c8580000, 0x000000076b300000)
  object space 112128K, 39% used [0x00000006c1800000,0x00000006c42d7780,0x00000006c8580000)
 Metaspace       used 48158K, capacity 48994K, committed 49496K, reserved 1093632K
  class space    used 6008K, capacity 6229K, committed 6272K, reserved 1048576K
}

